app/build/outputs/mapping/release/seeds.txt
androidx.appcompat.widget.ActionBarContainer: void setSplitBackground(android.graphics.drawable.Drawable)
androidx.appcompat.widget.SearchView: void setImeOptions(int)
androidx.appcompat.widget.LinearLayoutCompat: void setMeasureWithLargestChildEnabled(boolean)
androidx.appcompat.view.menu.ActionMenuItemView: void setChecked(boolean)
androidx.appcompat.widget.AppCompatImageButton: void setBackgroundDrawable(android.graphics.drawable.Drawable)
androidx.vectordrawable.graphics.drawable.VectorDrawableCompat$VPath: androidx.core.graphics.PathParser$PathDataNode[] getPathData()
androidx.appcompat.app.AlertController$RecycleListView: AlertController$RecycleListView(android.content.Context,android.util.AttributeSet)
androidx.appcompat.widget.ActionBarContextView: ActionBarContextView(android.content.Context,android.util.AttributeSet)
androidx.appcompat.widget.MenuPopupWindow$MenuDropDownListView: void setHoverListener(androidx.appcompat.widget.MenuItemHoverListener)
androidx.appcompat.view.menu.ListMenuItemView: void setSubMenuArrowVisible(boolean)
androidx.appcompat.view.menu.ExpandedMenuView: ExpandedMenuView(android.content.Context,android.util.AttributeSet)
androidx.appcompat.widget.SearchView: SearchView(android.content.Context,android.util.AttributeSet)
androidx.appcompat.widget.AppCompatSpinner: int getDropDownVerticalOffset()
androidx.appcompat.widget.AppCompatSpinner: int getDropDownHorizontalOffset()
androidx.vectordrawable.graphics.drawable.VectorDrawableCompat$VFullPath: void setStrokeColor(int)
androidx.appcompat.view.menu.ListMenuItemView: android.view.LayoutInflater getInflater()
androidx.appcompat.widget.AppCompatSpinner: void setSupportBackgroundTintMode(android.graphics.PorterDuff$Mode)
androidx.appcompat.widget.AppCompatSpinner: android.graphics.drawable.Drawable getPopupBackground()
androidx.appcompat.widget.AppCompatSpinner: void setBackgroundResource(int)
androidx.appcompat.widget.AppCompatTextView: void setCustomSelectionActionModeCallback(android.view.ActionMode$Callback)
androidx.appcompat.widget.ActionBarContainer: void setStackedBackground(android.graphics.drawable.Drawable)
androidx.appcompat.widget.Toolbar: void setLogoDescription(int)
androidx.appcompat.widget.ViewStubCompat: void setVisibility(int)
androidx.appcompat.view.menu.ExpandedMenuView: int getWindowAnimations()
androidx.appcompat.widget.ViewStubCompat: void setLayoutInflater(android.view.LayoutInflater)
androidx.core.widget.NestedScrollView: void setSmoothScrollingEnabled(boolean)
androidx.appcompat.widget.AppCompatButton: android.content.res.ColorStateList getSupportBackgroundTintList()
androidx.appcompat.widget.AppCompatAutoCompleteTextView: android.graphics.PorterDuff$Mode getSupportBackgroundTintMode()
androidx.appcompat.widget.AppCompatImageButton: android.content.res.ColorStateList getSupportImageTintList()
androidx.vectordrawable.graphics.drawable.VectorDrawableCompat$VFullPath: void setStrokeAlpha(float)
androidx.appcompat.widget.Toolbar: android.content.Context getPopupContext()
androidx.core.app.RemoteActionCompatParcelizer: void write(androidx.core.app.RemoteActionCompat,androidx.versionedparcelable.VersionedParcel)
androidx.appcompat.widget.AppCompatMultiAutoCompleteTextView: void setSupportBackgroundTintList(android.content.res.ColorStateList)
androidx.appcompat.widget.AppCompatButton: int[] getAutoSizeTextAvailableSizes()
androidx.appcompat.widget.ActionBarContextView: void setSubtitle(java.lang.CharSequence)
androidx.appcompat.widget.Toolbar: void setSubtitle(java.lang.CharSequence)
androidx.appcompat.widget.SearchView: void setQueryRefinementEnabled(boolean)
androidx.vectordrawable.graphics.drawable.VectorDrawableCompat$VFullPath: float getTrimPathOffset()
androidx.appcompat.widget.AbsActionBarView: int getContentHeight()
androidx.appcompat.widget.LinearLayoutCompat: void setVerticalGravity(int)
androidx.appcompat.widget.Toolbar: int getContentInsetStart()
androidx.fragment.app.FragmentActivity: FragmentActivity()