app/build/outputs/mapping/release/mapping.txt
# compiler: R8
# compiler_version: 3.0.62
# min_api: 19
# pg_map_id: 1f5c068
# common_typos_disable
...
androidx.appcompat.widget.SearchView$9 -> androidx.appcompat.widget.SearchView$j:
    androidx.appcompat.widget.SearchView this$0 -> b
androidx.appcompat.widget.SearchView$AutoCompleteTextViewReflector -> androidx.appcompat.widget.SearchView$k:
    java.lang.reflect.Method ensureImeVisible -> c
    java.lang.reflect.Method doBeforeTextChanged -> a
    java.lang.reflect.Method doAfterTextChanged -> b
    void doAfterTextChanged(android.widget.AutoCompleteTextView) -> a
    void doBeforeTextChanged(android.widget.AutoCompleteTextView) -> b
    void ensureImeVisible(android.widget.AutoCompleteTextView,boolean) -> c
androidx.appcompat.widget.SearchView$OnCloseListener -> androidx.appcompat.widget.SearchView$l:
    boolean onClose() -> a
androidx.appcompat.widget.SearchView$OnQueryTextListener -> androidx.appcompat.widget.SearchView$m:
    boolean onQueryTextSubmit(java.lang.String) -> a
    boolean onQueryTextChange(java.lang.String) -> b
androidx.appcompat.widget.SearchView$OnSuggestionListener -> androidx.appcompat.widget.SearchView$n:
    boolean onSuggestionSelect(int) -> a
    boolean onSuggestionClick(int) -> b
androidx.appcompat.widget.SearchView$SavedState -> androidx.appcompat.widget.SearchView$o:
    boolean isIconified -> d
androidx.appcompat.widget.SearchView$SavedState$1 -> androidx.appcompat.widget.SearchView$o$a:
    androidx.appcompat.widget.SearchView$SavedState createFromParcel(android.os.Parcel) -> a
    androidx.appcompat.widget.SearchView$SavedState createFromParcel(android.os.Parcel,java.lang.ClassLoader) -> b
    androidx.appcompat.widget.SearchView$SavedState[] newArray(int) -> c
androidx.appcompat.widget.SearchView$SearchAutoComplete -> androidx.appcompat.widget.SearchView$SearchAutoComplete:
    java.lang.Runnable mRunShowSoftInputIfNecessary -> h
    boolean mHasPendingShowSoftInputRequest -> g
    int mThreshold -> e
    androidx.appcompat.widget.SearchView mSearchView -> f
    boolean isEmpty() -> a
    void showSoftInputIfNecessary() -> b
androidx.appcompat.widget.SearchView$SearchAutoComplete$1 -> androidx.appcompat.widget.SearchView$SearchAutoComplete$a:
    androidx.appcompat.widget.SearchView$SearchAutoComplete this$0 -> b
androidx.appcompat.widget.SearchView$UpdatableTouchDelegate -> androidx.appcompat.widget.SearchView$p:
    android.view.View mDelegateView -> a
    boolean mDelegateTargeted -> f
    int mSlop -> e
    android.graphics.Rect mActualBounds -> c
    android.graphics.Rect mSlopBounds -> d
    android.graphics.Rect mTargetBounds -> b
    void setBounds(android.graphics.Rect,android.graphics.Rect) -> a