app/build/outputs/mapping/release/usage.txt
xyz.appmaker.cagvbl.BuildConfig
xyz.appmaker.cagvbl.R$anim
xyz.appmaker.cagvbl.R$attr
xyz.appmaker.cagvbl.R$bool
xyz.appmaker.cagvbl.R$color
xyz.appmaker.cagvbl.R$dimen
xyz.appmaker.cagvbl.R$drawable
xyz.appmaker.cagvbl.R$id
xyz.appmaker.cagvbl.R$integer
xyz.appmaker.cagvbl.R$layout
xyz.appmaker.cagvbl.R$mipmap
xyz.appmaker.cagvbl.R$raw
xyz.appmaker.cagvbl.R$string
xyz.appmaker.cagvbl.R$style
xyz.appmaker.cagvbl.R$styleable
xyz.appmaker.cagvbl.R$xml
xyz.appmaker.cagvbl.R
...
androidx.core.internal.view.SupportMenuItem:
    public static final int SHOW_AS_ACTION_ALWAYS
    public static final int SHOW_AS_ACTION_COLLAPSE_ACTION_VIEW
    public static final int SHOW_AS_ACTION_IF_ROOM
    public static final int SHOW_AS_ACTION_NEVER
    public static final int SHOW_AS_ACTION_WITH_TEXT
    public abstract boolean requiresActionButton()
    public abstract boolean requiresOverflow()
androidx.core.location.LocationManagerCompat
androidx.core.math.MathUtils
androidx.core.net.ConnectivityManagerCompat$RestrictBackgroundStatus
androidx.core.net.ConnectivityManagerCompat
androidx.core.net.DatagramSocketWrapper$DatagramSocketImplWrapper
androidx.core.net.DatagramSocketWrapper
androidx.core.net.TrafficStatsCompat
androidx.core.os.BuildCompat
androidx.core.os.CancellationSignal$OnCancelListener
androidx.core.os.CancellationSignal
androidx.core.os.ConfigurationCompat
androidx.core.os.EnvironmentCompat
androidx.core.os.HandlerCompat
androidx.core.os.LocaleListCompat
androidx.core.os.LocaleListCompatWrapper
androidx.core.os.LocaleListInterface
androidx.core.os.LocaleListPlatformWrapper
androidx.core.os.MessageCompat
androidx.core.os.OperationCanceledException
androidx.core.os.ParcelCompat
androidx.core.os.ParcelableCompat$ParcelableCompatCreatorHoneycombMR2
androidx.core.os.ParcelableCompat
androidx.core.os.ParcelableCompatCreatorCallbacks
androidx.core.os.TraceCompat
androidx.core.os.UserManagerCompat
androidx.core.provider.FontRequest:
    public void <init>(java.lang.String,java.lang.String,java.lang.String,int)
androidx.core.provider.FontsContractCompat$4$1
androidx.core.provider.FontsContractCompat$4$2
androidx.core.provider.FontsContractCompat$4$3
androidx.core.provider.FontsContractCompat$4$4
androidx.core.provider.FontsContractCompat$4$5
androidx.core.provider.FontsContractCompat$4$6
androidx.core.provider.FontsContractCompat$4$7
androidx.core.provider.FontsContractCompat$4$8
androidx.core.provider.FontsContractCompat$4$9
androidx.core.provider.FontsContractCompat$4
androidx.core.provider.FontsContractCompat$Columns
androidx.core.provider.FontsContractCompat$FontFamilyResult:
    public static final int STATUS_OK
    public static final int STATUS_UNEXPECTED_DATA_PROVIDED
    public static final int STATUS_WRONG_CERTIFICATES
androidx.core.provider.FontsContractCompat$FontRequestCallback$FontRequestFailReason
androidx.core.provider.FontsContractCompat$FontRequestCallback
androidx.core.provider.FontsContractCompat:
    private static final int BACKGROUND_THREAD_KEEP_ALIVE_DURATION_MS
    public static final java.lang.String PARCEL_FONT_RESULTS
    static final int RESULT_CODE_PROVIDER_NOT_FOUND
    static final int RESULT_CODE_WRONG_CERTIFICATES
    private void <init>()
    public static android.graphics.Typeface buildTypeface(android.content.Context,android.os.CancellationSignal,androidx.core.provider.FontsContractCompat$FontInfo[])
    public static void requestFont(android.content.Context,androidx.core.provider.FontRequest,androidx.core.provider.FontsContractCompat$FontRequestCallback,android.os.Handler)
    private static void requestFontInternal(android.content.Context,androidx.core.provider.FontRequest,androidx.core.provider.FontsContractCompat$FontRequestCallback,android.os.Handler)
    public static void resetCache()
androidx.core.provider.SelfDestructiveThread:
    private static final int MSG_DESTRUCTION
    private static final int MSG_INVOKE_RUNNABLE
    public int getGeneration()
    public boolean isRunning()
androidx.core.telephony.mbms.MbmsHelper
androidx.core.text.BidiFormatter$Builder
androidx.core.text.BidiFormatter$DirectionalityEstimator
androidx.core.text.BidiFormatter
androidx.core.text.HtmlCompat
androidx.core.text.ICUCompat
androidx.core.text.PrecomputedTextCompat$PrecomputedTextFutureTask$PrecomputedTextCallback
androidx.core.text.PrecomputedTextCompat$PrecomputedTextFutureTask